<?xml version="1.0" encoding="UTF-8"?>
<testsuite name="cw_nov.LargestFiveDigitNumberTest" tests="1" skipped="0" failures="0" errors="0" timestamp="2022-11-28T13:34:55" hostname="DESKTOP-0CH3U27" time="0.028">
  <properties/>
  <testcase name="findBiggestFiveDigitNumber()" classname="cw_nov.LargestFiveDigitNumberTest" time="0.028"/>
  <system-out><![CDATA[]]></system-out>
  <system-err><![CDATA[]]></system-err>
</testsuite>
