<?xml version="1.0" encoding="UTF-8"?>
<testsuite name="cw_dec.DNATest" tests="1" skipped="0" failures="0" errors="0" timestamp="2022-12-01T12:56:56" hostname="DESKTOP-0CH3U27" time="0.032">
  <properties/>
  <testcase name="test()" classname="cw_dec.DNATest" time="0.032"/>
  <system-out><![CDATA[]]></system-out>
  <system-err><![CDATA[]]></system-err>
</testsuite>
