<?xml version="1.0" encoding="UTF-8"?>
<testsuite name="baeldung.ReverseOrderTest" tests="1" skipped="0" failures="0" errors="0" timestamp="2022-12-02T10:41:00" hostname="DESKTOP-0CH3U27" time="0.021">
  <properties/>
  <testcase name="testReverseWordIsCorrectlyReversed()" classname="baeldung.ReverseOrderTest" time="0.021"/>
  <system-out><![CDATA[]]></system-out>
  <system-err><![CDATA[]]></system-err>
</testsuite>
