<?xml version="1.0" encoding="UTF-8"?>
<testsuite name="cw_dec.SumOfNumbersTest" tests="1" skipped="0" failures="0" errors="0" timestamp="2022-12-06T13:57:42" hostname="DESKTOP-0CH3U27" time="0.019">
  <properties/>
  <testcase name="testSumBetweenTwoIntegers()" classname="cw_dec.SumOfNumbersTest" time="0.019"/>
  <system-out><![CDATA[]]></system-out>
  <system-err><![CDATA[]]></system-err>
</testsuite>
